<?xml version="1.0" encoding="UTF-8"?>
<!-- Generated by org.testng.reporters.JUnitReportReporter -->
<testsuite hostname="DESKTOP-6SIT974" failures="0" tests="1" name="TestNGpack1.Testng1" time="0.006" errors="0" timestamp="2022-02-02T18:18:29 IST" skipped="0">
  <testcase classname="TestNGpack1.Testng1" name="f" time="0.006"/>
  <system-out/>
</testsuite> <!-- TestNGpack1.Testng1 -->
