<?xml version="1.0" encoding="UTF-8"?>
<!-- Generated by org.testng.reporters.JUnitReportReporter -->
<testsuite hostname="DESKTOP-6SIT974" failures="0" tests="1" name="TestNGpack.Testng1" time="0.013" errors="0" timestamp="2022-02-02T13:49:44 IST" skipped="0">
  <testcase classname="TestNGpack.Testng1" name="f" time="0.013"/>
  <system-out/>
</testsuite> <!-- TestNGpack.Testng1 -->
