<?xml version="1.0" encoding="UTF-8"?>
<!-- Generated by org.testng.reporters.JUnitReportReporter -->
<testsuite hostname="DESKTOP-6SIT974" failures="0" tests="1" name="TestNGpack2.Testng2" time="0.004" errors="0" timestamp="2022-02-02T13:56:02 IST" skipped="0">
  <testcase classname="TestNGpack2.Testng2" name="f" time="0.004"/>
  <system-out/>
</testsuite> <!-- TestNGpack2.Testng2 -->
