<?xml version="1.0" encoding="UTF-8"?>
<!-- Generated by org.testng.reporters.JUnitReportReporter -->
<testsuite hostname="DESKTOP-6SIT974" failures="0" tests="1" name="TestNG.NewTestNG1" time="0.009" errors="0" timestamp="2022-01-15T19:14:33 IST" skipped="0">
  <testcase classname="TestNG.NewTestNG1" name="f" time="0.009"/>
  <system-out/>
</testsuite> <!-- TestNG.NewTestNG1 -->
